<?xml version="1.0" encoding="UTF-8"?>
<testsuite name="com.csc.TestHelloWorld" tests="1" skipped="0" failures="0" errors="0" timestamp="2024-08-06T17:17:35" hostname="Prometheus.local" time="0.007">
  <properties/>
  <testcase name="testHelloWorld()" classname="com.csc.TestHelloWorld" time="0.007"/>
  <system-out><![CDATA[]]></system-out>
  <system-err><![CDATA[]]></system-err>
</testsuite>
